┌─────────────────────┬────────────────────────────────────────────────────────┐
│ high                │ kangax html-minifier REDoS vulnerability               │
├─────────────────────┼────────────────────────────────────────────────────────┤
│ Package             │ html-minifier                                          │
├─────────────────────┼────────────────────────────────────────────────────────┤
│ Vulnerable versions │ <=4.0.0                                                │
├─────────────────────┼────────────────────────────────────────────────────────┤
│ Patched versions    │ <0.0.0                                                 │
├─────────────────────┼────────────────────────────────────────────────────────┤
│ Paths               │ .>html-minifier                                        │
├─────────────────────┼────────────────────────────────────────────────────────┤
│ More info           │ https://github.com/advisories/GHSA-pfq8-rq6v-vf5m      │
└─────────────────────┴────────────────────────────────────────────────────────┘
┌─────────────────────┬────────────────────────────────────────────────────────┐
│ high                │ minimatch has a ReDoS via repeated wildcards with      │
│                     │ non-matching literal in pattern                        │
├─────────────────────┼────────────────────────────────────────────────────────┤
│ Package             │ minimatch                                              │
├─────────────────────┼────────────────────────────────────────────────────────┤
│ Vulnerable versions │ <3.1.3                                                 │
├─────────────────────┼────────────────────────────────────────────────────────┤
│ Patched versions    │ >=3.1.3                                                │
├─────────────────────┼────────────────────────────────────────────────────────┤
│ Paths               │ .>eslint>minimatch                                     │
├─────────────────────┼────────────────────────────────────────────────────────┤
│ More info           │ https://github.com/advisories/GHSA-3ppc-4f35-3m26      │
└─────────────────────┴────────────────────────────────────────────────────────┘
┌─────────────────────┬────────────────────────────────────────────────────────┐
│ high                │ minimatch has ReDoS: matchOne() combinatorial          │
│                     │ backtracking via multiple non-adjacent GLOBSTAR        │
│                     │ segments                                               │
├─────────────────────┼────────────────────────────────────────────────────────┤
│ Package             │ minimatch                                              │
├─────────────────────┼────────────────────────────────────────────────────────┤
│ Vulnerable versions │ <3.1.3                                                 │
├─────────────────────┼────────────────────────────────────────────────────────┤
│ Patched versions    │ >=3.1.3                                                │
├─────────────────────┼────────────────────────────────────────────────────────┤
│ Paths               │ .>eslint>minimatch                                     │
├─────────────────────┼────────────────────────────────────────────────────────┤
│ More info           │ https://github.com/advisories/GHSA-7r86-cg39-jmmj      │
└─────────────────────┴────────────────────────────────────────────────────────┘
┌─────────────────────┬────────────────────────────────────────────────────────┐
│ high                │ minimatch ReDoS: nested *() extglobs generate          │
│                     │ catastrophically backtracking regular expressions      │
├─────────────────────┼────────────────────────────────────────────────────────┤
│ Package             │ minimatch                                              │
├─────────────────────┼────────────────────────────────────────────────────────┤
│ Vulnerable versions │ <3.1.4                                                 │
├─────────────────────┼────────────────────────────────────────────────────────┤
│ Patched versions    │ >=3.1.4                                                │
├─────────────────────┼────────────────────────────────────────────────────────┤
│ Paths               │ .>eslint>minimatch                                     │
├─────────────────────┼────────────────────────────────────────────────────────┤
│ More info           │ https://github.com/advisories/GHSA-23c5-xmqv-rm74      │
└─────────────────────┴────────────────────────────────────────────────────────┘
┌─────────────────────┬────────────────────────────────────────────────────────┐
│ moderate            │ ajv has ReDoS when using `$data` option                │
├─────────────────────┼────────────────────────────────────────────────────────┤
│ Package             │ ajv                                                    │
├─────────────────────┼────────────────────────────────────────────────────────┤
│ Vulnerable versions │ <6.14.0                                                │
├─────────────────────┼────────────────────────────────────────────────────────┤
│ Patched versions    │ >=6.14.0                                               │
├─────────────────────┼────────────────────────────────────────────────────────┤
│ Paths               │ .>compile-ejs-loader>@webpack-contrib/schema-utils>ajv │
├─────────────────────┼────────────────────────────────────────────────────────┤
│ More info           │ https://github.com/advisories/GHSA-2g4f-4pwh-qvx6      │
└─────────────────────┴────────────────────────────────────────────────────────┘
5 vulnerabilities found
Severity: 1 moderate | 4 high
